1584991911032	mozrunner::runner	INFO	Running command: "/Applications/Firefox.app/Contents/MacOS/firefox-bin" "-marionette" "-foreground" "-no-remote" "-profile" "/var/folders/ls/ntz_z13x3_v2gz4nv0vs67nh0000gn/T/rust_mozprofilewi8tFV"
1584991912115	addons.webextension.doh-rollout@mozilla.org	WARN	Loading extension 'doh-rollout@mozilla.org': Reading manifest: Invalid extension permission: networkStatus
1584991912549	addons.webextension.screenshots@mozilla.org	WARN	Loading extension 'screenshots@mozilla.org': Reading manifest: Invalid extension permission: mozillaAddons
1584991912550	addons.webextension.screenshots@mozilla.org	WARN	Loading extension 'screenshots@mozilla.org': Reading manifest: Invalid extension permission: telemetry
1584991912550	addons.webextension.screenshots@mozilla.org	WARN	Loading extension 'screenshots@mozilla.org': Reading manifest: Invalid extension permission: resource://pdf.js/
1584991912550	addons.webextension.screenshots@mozilla.org	WARN	Loading extension 'screenshots@mozilla.org': Reading manifest: Invalid extension permission: about:reader*
1584991915685	Marionette	INFO	Listening on port 49546
1584991915739	Marionette	WARN	TLS certificate errors will be ignored for this session
JavaScript error: resource://gre/modules/XULStore.jsm, line 66: Error: Can't find profile directory.
JavaScript warning: https://accounts.google.com/ServiceLogin?passive=1209600&continue=https://contacts.google.com/&followup=https://contacts.google.com/, line 2820: Error: Script terminated by timeout at:
zQa@/accounts/static/_/js/k=gaia.gaiafe_glif.en_GB.Tmb4CdJkMug.O/am=DPEDBnMCAAASgSLAAwAAAAAAAAAAYCBQMEPG___myoqX3QY/d=1/ct=zgms/rs=ABkqax0VDyLYUtHCNWPoEXkJOey41lkzvg/m=glifb,identifier,unknownerror:2820:35
xL.prototype.Ra@/accounts/static/_/js/k=gaia.gaiafe_glif.en_GB.Tmb4CdJkMug.O/am=DPEDBnMCAAASgSLAAwAAAAAAAAAAYCBQMEPG___myoqX3QY/d=1/ct=zgms/rs=ABkqax0VDyLYUtHCNWPoEXkJOey41lkzvg/m=glifb,identifier,unknownerror:2819:375
c@/accounts/static/_/js/k=gaia.gaiafe_glif.en_GB.Tmb4CdJkMug.O/am=DPEDBnMCAAASgSLAAwAAAAAAAAAAYCBQMEPG___myoqX3QY/d=1/ct=zgms/rs=ABkqax0VDyLYUtHCNWPoEXkJOey41lkzvg/m=glifb,identifier,unknownerror:960:253
sQa.prototype.ha@/accounts/static/_/js/k=gaia.gaiafe_glif.en_GB.Tmb4CdJkMug.O/am=DPEDBnMCAAASgSLAAwAAAAAAAAAAYCBQMEPG___myoqX3QY/d=1/ct=zgms/rs=ABkqax0VDyLYUtHCNWPoEXkJOey41lkzvg/m=glifb,identifier,unknownerror:2812:347
f@/accounts/static/_/js/k=gaia.gaiafe_glif.en_GB.Tmb4CdJkMug.O/am=DPEDBnMCAAASgSLAAwAAAAAAAAAAYCBQMEPG___myoqX3QY/d=1/ct=zgms/rs=ABkqax0VDyLYUtHCNWPoEXkJOey41lkzvg/m=glifb,identifier,unknownerror:2786:161
trigger@/accounts/static/_/js/k=gaia.gaiafe_glif.en_GB.Tmb4CdJkMug.O/am=DPEDBnMCAAASgSLAAwAAAAAAAAAAYCBQMEPG___myoqX3QY/d=1/ct=zgms/rs=ABkqax0VDyLYUtHCNWPoEXkJOey41lkzvg/m=glifb,identifier,unknownerror:2793:134
xL.prototype.Za@/accounts/static/_/js/k=gaia.gaiafe_glif.en_GB.Tmb4CdJkMug.O/am=DPEDBnMCAAASgSLAAwAAAAAAAAAAYCBQMEPG___myoqX3QY/d=1/ct=zgms/rs=ABkqax0VDyLYUtHCNWPoEXkJOey41lkzvg/m=glifb,identifier,unknownerror:2815:438
fA@/accounts/static/_/js/k=gaia.gaiafe_glif.en_GB.Tmb4CdJkMug.O/am=DPEDBnMCAAASgSLAAwAAAAAAAAAAYCBQMEPG___myoqX3QY/d=1/ct=zgms/rs=ABkqax0VDyLYUtHCNWPoEXkJOey41lkzvg/m=glifb,identifier,unknownerror:1083:470
_.h.Za@/accounts/static/_/js/k=gaia.gaiafe_glif.en_GB.Tmb4CdJkMug.O/am=DPEDBnMCAAASgSLAAwAAAAAAAAAAYCBQMEPG___myoqX3QY/d=1/ct=zgms/rs=ABkqax0VDyLYUtHCNWPoEXkJOey41lkzvg/m=glifb,identifier,unknownerror:1131:445
_.h.Kl@/accounts/static/_/js/k=gaia.gaiafe_glif.en_GB.Tmb4CdJkMug.O/am=DPEDBnMCAAASgSLAAwAAAAAAAAAAYCBQMEPG___myoqX3QY/d=1/ct=zgms/rs=ABkqax0VDyLYUtHCNWPoEXkJOey41lkzvg/m=glifb,identifier,unknownerror:2404:388
GQa/<@/accounts/static/_/js/k=gaia.gaiafe_glif.en_GB.Tmb4CdJkMug.O/am=DPEDBnMCAAASgSLAAwAAAAAAAAAAYCBQMEPG___myoqX3QY/d=1/ct=zgms/rs=ABkqax0VDyLYUtHCNWPoEXkJOey41lkzvg/m=glifb,identifier,unknownerror:2823:126
Doa@/accounts/static/_/js/k=gaia.gaiafe_glif.en_GB.Tmb4CdJkMug.O/am=DPEDBnMCAAASgSLAAwAAAAAAAAAAYCBQMEPG___myoqX3QY/d=1/ct=zgms/rs=ABkqax0VDyLYUtHCNWPoEXkJOey41lkzvg/m=glifb,identifier,unknownerror:742:246
_.ou@/accounts/static/_/js/k=gaia.gaiafe_glif.en_GB.Tmb4CdJkMug.O/am=DPEDBnMCAAASgSLAAwAAAAAAAAAAYCBQMEPG___myoqX3QY/d=1/ct=zgms/rs=ABkqax0VDyLYUtHCNWPoEXkJOey41lkzvg/m=glifb,identifier,unknownerror:740:49
_.pu@/accounts/static/_/js/k=gaia.gaiafe_glif.en_GB.Tmb4CdJkMug.O/am=DPEDBnMCAAASgSLAAwAAAAAAAAAAYCBQMEPG___myoqX3QY/d=1/ct=zgms/rs=ABkqax0VDyLYUtHCNWPoEXkJOey41lkzvg/m=glifb,identifier,unknownerror:739:260
GQa@/accounts/static/_/js/k=gaia.gaiafe_glif.en_GB.Tmb4CdJkMug.O/am=DPEDBnMCAAASgSLAAwAAAAAAAAAAYCBQMEPG___myoqX3QY/d=1/ct=zgms/rs=ABkqax0VDyLYUtHCNWPoEXkJOey41lkzvg/m=glifb,identifier,unknownerror:2823:102
DQa/<@/accounts/static/_/js/k=gaia.gaiafe_glif.en_GB.Tmb4CdJkMug.O/am=DPEDBnMCAAASgSLAAwAAAAAAAAAAYCBQMEPG___myoqX3QY/d=1/ct=zgms/rs=ABkqax0VDyLYUtHCNWPoEXkJOey41lkzvg/m=glifb,identifier,unknownerror:2822:207
Doa@/accounts/static/_/js/k=gaia.gaiafe_glif.en_GB.Tmb4CdJkMug.O/am=DPEDBnMCAAASgSLAAwAAAAAAAAAAYCBQMEPG___myoqX3QY/d=1/ct=zgms/rs=ABkqax0VDyLYUtHCNWPoEXkJOey41lkzvg/m=glifb,identifier,unknownerror:742:246
_.ou@/accounts/static/_/js/k=gaia.gaiafe_glif.en_GB.Tmb4CdJkMug.O/am=DPEDBnMCAAASgSLAAwAAAAAAAAAAYCBQMEPG___myoqX3QY/d=1/ct=zgms/rs=ABkqax0VDyLYUtHCNWPoEXkJOey41lkzvg/m=glifb,identifier,unknownerror:740:49
_.pu@/accounts/static/_/js/k=gaia.gaiafe_glif.en_GB.Tmb4CdJkMug.O/am=DPEDBnMCAAASgSLAAwAAAAAAAAAAYCBQMEPG___myoqX3QY/d=1/ct=zgms/rs=ABkqax0VDyLYUtHCNWPoEXkJOey41lkzvg/m=glifb,identifier,unknownerror:739:260
DQa@/accounts/static/_/js/k=gaia.gaiafe_glif.en_GB.Tmb4CdJkMug.O/am=DPEDBnMCAAASgSLAAwAAAAAAAAAAYCBQMEPG___myoqX3QY/d=1/ct=zgms/rs=ABkqax0VDyLYUtHCNWPoEXkJOey41lkzvg/m=glifb,identifier,unknownerror:2822:183
zQa/<@/accounts/static/_/js/k=gaia.gaiafe_glif.en_GB.Tmb4CdJkMug.O/am=DPEDBnMCAAASgSLAAwAAAAAAAAAAYCBQMEPG___myoqX3QY/d=1/ct=zgms/rs=ABkqax0VDyLYUtHCNWPoEXkJOey41lkzvg/m=glifb,identifier,unknownerror:2820:445
Doa@/accounts/static/_/js/k=gaia.gaiafe_glif.en_GB.Tmb4CdJkMug.O/am=DPEDBnMCAAASgSLAAwAAAAAAAAAAYCBQMEPG___myoqX3QY/d=1/ct=zgms/rs=ABkqax0VDyLYUtHCNWPoEXkJOey41lkzvg/m=glifb,identifier,unknownerror:742:246
_.ou@/accounts/static/_/js/k=gaia.gaiafe_glif.en_GB.Tmb4CdJkMug.O/am=DPEDBnMCAAASgSLAAwAAAAAAAAAAYCBQMEPG___myoqX3QY/d=1/ct=zgms/rs=ABkqax0VDyLYUtHCNWPoEXkJOey41lkzvg/m=glifb,identifier,unknownerror:740:49
_.pu@/accounts/static/_/js/k=gaia.gaiafe_glif.en_GB.Tmb4CdJkMug.O/am=DPEDBnMCAAASgSLAAwAAAAAAAAAAYCBQMEPG___myoqX3QY/d=1/ct=zgms/rs=ABkqax0VDyLYUtHCNWPoEXkJOey41lkzvg/m=glifb,identifier,unknownerror:739:260
zQa@/accounts/static/_/js/k=gaia.gaiafe_glif.en_GB.Tmb4CdJkMug.O/am=DPEDBnMCAAASgSLAAwAAAAAAAAAAYCBQMEPG___myoqX3QY/d=1/ct=zgms/rs=ABkqax0VDyLYUtHCNWPoEXkJOey41lkzvg/m=glifb,identifier,unknownerror:2820:422
xL.prototype.Ra@/accounts/static/_/js/k=gaia.gaiafe_glif.en_GB.Tmb4CdJkMug.O/am=DPEDBnMCAAASgSLAAwAAAAAAAAAAYCBQMEPG___myoqX3QY/d=1/ct=zgms/rs=ABkqax0VDyLYUtHCNWPoEXkJOey41lkzvg/m=glifb,identifier,unknownerror:2819:375
c@/accounts/static/_/js/k=gaia.gaiafe_glif.en_GB.Tmb4CdJkMug.O/am=DPEDBnMCAAASgSLAAwAAAAAAAAAAYCBQMEPG___myoqX3QY/d=1/ct=zgms/rs=ABkqax0VDyLYUtHCNWPoEXkJOey41lkzvg/m=glifb,identifier,unknownerror:960:253
sQa.prototype.ha@/accounts/static/_/js/k=gaia.gaiafe_glif.en_GB.Tmb4CdJkMug.O/am=DPEDBnMCAAASgSLAAwAAAAAAAAAAYCBQMEPG___myoqX3QY/d=1/ct=zgms/rs=ABkqax0VDyLYUtHCNWPoEXkJOey41lkzvg/m=glifb,identifier,unknownerror:2812:347
f@/accounts/static/_/js/k=gaia.gaiafe_glif.en_GB.Tmb4CdJkMug.O/am=DPEDBnMCAAASgSLAAwAAAAAAAAAAYCBQMEPG___myoqX3QY/d=1/ct=zgms/rs=ABkqax0VDyLYUtHCNWPoEXkJOey41lkzvg/m=glifb,identifier,unknownerror:2786:161
trigger@/accounts/static/_/js/k=gaia.gaiafe_glif.en_GB.Tmb4CdJkMug.O/am=DPEDBnMCAAASgSLAAwAAAAAAAAAAYCBQMEPG___myoqX3QY/d=1/ct=zgms/rs=ABkqax0VDyLYUtHCNWPoEXkJOey41lkzvg/m=glifb,identifier,unknownerror:2793:134
xL.prototype.Za@/accounts/static/_/js/k=gaia.gaiafe_glif.en_GB.Tmb4CdJkMug.O/am=DPEDBnMCAAASgSLAAwAAAAAAAAAAYCBQMEPG___myoqX3QY/d=1/ct=zgms/rs=ABkqax0VDyLYUtHCNWPoEXkJOey41lkzvg/m=glifb,identifier,unknownerror:2815:438
fA@/accounts/static/_/js/k=gaia.gaiafe_glif.en_GB.Tmb4CdJkMug.O/am=DPEDBnMCAAASgSLAAwAAAAAAAAAAYCBQMEPG___myoqX3QY/d=1/ct=zgms/rs=ABkqax0VDyLYUtHCNWPoEXkJOey41lkzvg/m=glifb,identifier,unknownerror:1083:470
_.h.Za@/accounts/static/_/js/k=gaia.gaiafe_glif.en_GB.Tmb4CdJkMug.O/am=DPEDBnMCAAASgSLAAwAAAAAAAAAAYCBQMEPG___myoqX3QY/d=1/ct=zgms/rs=ABkqax0VDyLYUtHCNWPoEXkJOey41lkzvg/m=glifb,identifier,unknownerror:1131:445
_.h.Kl@/accounts/static/_/js/k=gaia.gaiafe_glif.en_GB.Tmb4CdJkMug.O/am=DPEDBnMCAAASgSLAAwAAAAAAAAAAYCBQMEPG___myoqX3QY/d=1/ct=zgms/rs=ABkqax0VDyLYUtHCNWPoEXkJOey41lkzvg/m=glifb,identifier,unknownerror:2429:281
GQa/<@/accounts/static/_/js/k=gaia.gaiafe_glif.en_GB.Tmb4CdJkMug.O/am=DPEDBnMCAAASgSLAAwAAAAAAAAAAYCBQMEPG___myoqX3QY/d=1/ct=zgms/rs=ABkqax0VDyLYUtHCNWPoEXkJOey41lkzvg/m=glifb,identifier,unknownerror:2823:126
Doa@/accounts/static/_/js/k=gaia.gaiafe_glif.en_GB.Tmb4CdJkMug.O/am=DPEDBnMCAAASgSLAAwAAAAAAAAAAYCBQMEPG___myoqX3QY/d=1/ct=zgms/rs=ABkqax0VDyLYUtHCNWPoEXkJOey41lkzvg/m=glifb,identifier,unknownerror:742:246
_.ou@/accounts/static/_/js/k=gaia.gaiafe_glif.en_GB.Tmb4CdJkMug.O/am=DPEDBnMCAAASgSLAAwAAAAAAAAAAYCBQMEPG___myoqX3QY/d=1/ct=zgms/rs=ABkqax0VDyLYUtHCNWPoEXkJOey41lkzvg/m=glifb,identifier,unknownerror:740:49
_.pu@/accounts/static/_/js/k=gaia.gaiafe_glif.en_GB.Tmb4CdJkMug.O/am=DPEDBnMCAAASgSLAAwAAAAAAAAAAYCBQMEPG___myoqX3QY/d=1/ct=zgms/rs=ABkqax0VDyLYUtHCNWPoEXkJOey41lkzvg/m=glifb,identifier,unknownerror:739:260
GQa@/accounts/static/_/js/k=gaia.gaiafe_glif.en_GB.Tmb4CdJkMug.O/am=DPEDBnMCAAASgSLAAwAAAAAAAAAAYCBQMEPG___myoqX3QY/d=1/ct=zgms/rs=ABkqax0VDyLYUtHCNWPoEXkJOey41lkzvg/m=glifb,identifier,unknownerror:2823:102
DQa/<@/accounts/static/_/js/k=gaia.gaiafe_glif.en_GB.Tmb4CdJkMug.O/am=DPEDBnMCAAASgSLAAwAAAAAAAAAAYCBQMEPG___myoqX3QY/d=1/ct=zgms/rs=ABkqax0VDyLYUtHCNWPoEXkJOey41lkzvg/m=glifb,identifier,unknownerror:2822:207
Doa@/accounts/static/_/js/k=gaia.gaiafe_glif.en_GB.Tmb4CdJkMug.O/am=DPEDBnMCAAASgSLAAwAAAAAAAAAAYCBQMEPG___myoqX3QY/d=1/ct=zgms/rs=ABkqax0VDyLYUtHCNWPoEXkJOey41lkzvg/m=glifb,identifier,unknownerror:742:246
_.ou@/accounts/static/_/js/k=gaia.gaiafe_glif.en_GB.Tmb4CdJkMug.O/am=DPEDBnMCAAASgSLAAwAAAAAAAAAAYCBQMEPG___myoqX3QY/d=1/ct=zgms/rs=ABkqax0VDyLYUtHCNWPoEXkJOey41lkzvg/m=glifb,identifier,unknownerror:740:49
_.pu@/accounts/static/_/js/k=gaia.gaiafe_glif.en_GB.Tmb4CdJkMug.O/am=DPEDBnMCAAASgSLAAwAAAAAAAAAAYCBQMEPG___myoqX3QY/d=1/ct=zgms/rs=ABkqax0VDyLYUtHCNWPoEXkJOey41lkzvg/m=glifb,identifier,unknownerror:739:260
DQa@/accounts/static/_/js/k=gaia.gaiafe_glif.en_GB.Tmb4CdJkMug.O/am=DPEDBnMCAAASgSLAAwAAAAAAAAAAYCBQMEPG___myoqX3QY/d=1/ct=zgms/rs=ABkqax0VDyLYUtHCNWPoEXkJOey41lkzvg/m=glifb,identifier,unknownerror:2822:183
zQa/<@/accounts/static/_/js/k=gaia.gaiafe_glif.en_GB.Tmb4CdJkMug.O/am=DPEDBnMCAAASgSLAAwAAAAAAAAAAYCBQMEPG___myoqX3QY/d=1/ct=zgms/rs=ABkqax0VDyLYUtHCNWPoEXkJOey41lkzvg/m=glifb,identifier,unknownerror:2820:445
Doa@/accounts/static/_/js/k=gaia.gaiafe_glif.en_GB.Tmb4CdJkMug.O/am=DPEDBnMCAAASgSLAAwAAAAAAAAAAYCBQMEPG___myoqX3QY/d=1/ct=zgms/rs=ABkqax0VDyLYUtHCNWPoEXkJOey41lkzvg/m=glifb,identifier,unknownerror:742:246
_.ou@/accounts/static/_/js/k=gaia.gaiafe_glif.en_GB.Tmb4CdJkMug.O/am=DPEDBnMCAAASgSLAAwAAAAAAAAAAYCBQMEPG___myoqX3QY/d=1/ct=zgms/rs=ABkqax0VDyLYUtHCNWPoEXkJOey41lkzvg/m=glifb,identifier,unknownerror:740:49
_.pu@/accounts/static/_/js/k=gaia.gaiafe_glif.en_GB.Tmb4CdJkMug.O/am=DPEDBnMCAAASgSLAAwAAAAAAAAAAYCBQMEPG___myoqX3QY/d=1/ct=zgms/rs=ABkqax0VDyLYUtHCNWPoEXkJOey41lkzvg/m=glifb,identifier,unknownerror:739:260
zQa@/accounts/static/_/js/k=gaia.gaiafe_glif.en_GB.Tmb4CdJkMug.O/am=DPEDBnMCAAASgSLAAwAAAAAAAAAAYCBQMEPG___myoqX3QY/d=1/ct=zgms/rs=ABkqax0VDyLYUtHCNWPoEXkJOey41lkzvg/m=glifb,identifier,unknownerror:2820:422
xL.prototype.Ra@/accounts/static/_/js/k=gaia.gaiafe_glif.en_GB.Tmb4CdJkMug.O/am=DPEDBnMCAAASgSLAAwAAAAAAAAAAYCBQMEPG___myoqX3QY/d=1/ct=zgms/rs=ABkqax0VDyLYUtHCNWPoEXkJOey41lkzvg/m=glifb,identifier,unknownerror:2819:375
c@/accounts/static/_/js/k=gaia.gaiafe_glif.en_GB.Tmb4CdJkMug.O/am=DPEDBnMCAAASgSLAAwAAAAAAAAAAYCBQMEPG___myoqX3QY/d=1/ct=zgms/rs=ABkqax0VDyLYUtHCNWPoEXkJOey41lkzvg/m=glifb,identifier,unknownerror:960:253
sQa.prototype.ha@/accounts/static/_/js/k=gaia.gaiafe_glif.en_GB.Tmb4CdJkMug.O/am=DPEDBnMCAAASgSLAAwAAAAAAAAAAYCBQMEPG___myoqX3QY/d=1/ct=zgms/rs=ABkqax0VDyLYUtHCNWPoEXkJOey41lkzvg/m=glifb,identifier,unknownerror:2812:347
f@/accounts/static/_/js/k=gaia.gaiafe_glif.en_GB.Tmb4CdJkMug.O/am=DPEDBnMCAAASgSLAAwAAAAAAAAAAYCBQMEPG___myoqX3QY/d=1/ct=zgms/rs=ABkqax0VDyLYUtHCNWPoEXkJOey41lkzvg/m=glifb,identifier,unknownerror:2786:161

JavaScript warning: https://accounts.google.com/signin/oauth?client_id=717762328687-iludtf96g1hinl76e4lc1b9a82g457nn.apps.googleusercontent.com&as=FBQ-vyiQJineVfduiqX3qg&destination=https://stackauth.com&approval_state=!ChRCaTVjMGllU0VjQ3BjUnRvNkdURBIfYzQ2LTlkbFJ3amNjUUhVU2RlLXNqMHhMUzNtT0VCYw%E2%88%99AF-3PDcAAAAAXnphxjWgm82TMyo58xsNkQ3Tl-l3rpJK&oauthgdpr=1&xsrfsig=ChkAeAh8T0xqFkcZqsOrc3SMrwQP_68rkB86Eg5hcHByb3ZhbF9zdGF0ZRILZGVzdGluYXRpb24SBXNvYWN1Eg9vYXV0aHJpc2t5c2NvcGU, line 126: Error: Script terminated by timeout at:
_.Be@/accounts/static/_/js/k=gaia.gaiafe_glif.en_GB.Tmb4CdJkMug.O/am=CPEDBnMCAAACgSLAAwAAAAAAAAAAYCBQMEPG___myoqX3QY/d=1/ct=zgms/rs=ABkqax1Wk6uacyyPTbSXlSmPxcZNWQyonw/m=glifb,identifier,unknownerror:126:108
fA@/accounts/static/_/js/k=gaia.gaiafe_glif.en_GB.Tmb4CdJkMug.O/am=CPEDBnMCAAACgSLAAwAAAAAAAAAAYCBQMEPG___myoqX3QY/d=1/ct=zgms/rs=ABkqax1Wk6uacyyPTbSXlSmPxcZNWQyonw/m=glifb,identifier,unknownerror:1083:460
_.h.Za@/accounts/static/_/js/k=gaia.gaiafe_glif.en_GB.Tmb4CdJkMug.O/am=CPEDBnMCAAACgSLAAwAAAAAAAAAAYCBQMEPG___myoqX3QY/d=1/ct=zgms/rs=ABkqax1Wk6uacyyPTbSXlSmPxcZNWQyonw/m=glifb,identifier,unknownerror:1131:445
_.h.Kl@/accounts/static/_/js/k=gaia.gaiafe_glif.en_GB.Tmb4CdJkMug.O/am=CPEDBnMCAAACgSLAAwAAAAAAAAAAYCBQMEPG___myoqX3QY/d=1/ct=zgms/rs=ABkqax1Wk6uacyyPTbSXlSmPxcZNWQyonw/m=glifb,identifier,unknownerror:2429:281
GQa/<@/accounts/static/_/js/k=gaia.gaiafe_glif.en_GB.Tmb4CdJkMug.O/am=CPEDBnMCAAACgSLAAwAAAAAAAAAAYCBQMEPG___myoqX3QY/d=1/ct=zgms/rs=ABkqax1Wk6uacyyPTbSXlSmPxcZNWQyonw/m=glifb,identifier,unknownerror:2823:126
Doa@/accounts/static/_/js/k=gaia.gaiafe_glif.en_GB.Tmb4CdJkMug.O/am=CPEDBnMCAAACgSLAAwAAAAAAAAAAYCBQMEPG___myoqX3QY/d=1/ct=zgms/rs=ABkqax1Wk6uacyyPTbSXlSmPxcZNWQyonw/m=glifb,identifier,unknownerror:742:246
_.ou@/accounts/static/_/js/k=gaia.gaiafe_glif.en_GB.Tmb4CdJkMug.O/am=CPEDBnMCAAACgSLAAwAAAAAAAAAAYCBQMEPG___myoqX3QY/d=1/ct=zgms/rs=ABkqax1Wk6uacyyPTbSXlSmPxcZNWQyonw/m=glifb,identifier,unknownerror:740:49
_.pu@/accounts/static/_/js/k=gaia.gaiafe_glif.en_GB.Tmb4CdJkMug.O/am=CPEDBnMCAAACgSLAAwAAAAAAAAAAYCBQMEPG___myoqX3QY/d=1/ct=zgms/rs=ABkqax1Wk6uacyyPTbSXlSmPxcZNWQyonw/m=glifb,identifier,unknownerror:739:260
GQa@/accounts/static/_/js/k=gaia.gaiafe_glif.en_GB.Tmb4CdJkMug.O/am=CPEDBnMCAAACgSLAAwAAAAAAAAAAYCBQMEPG___myoqX3QY/d=1/ct=zgms/rs=ABkqax1Wk6uacyyPTbSXlSmPxcZNWQyonw/m=glifb,identifier,unknownerror:2823:102
DQa/<@/accounts/static/_/js/k=gaia.gaiafe_glif.en_GB.Tmb4CdJkMug.O/am=CPEDBnMCAAACgSLAAwAAAAAAAAAAYCBQMEPG___myoqX3QY/d=1/ct=zgms/rs=ABkqax1Wk6uacyyPTbSXlSmPxcZNWQyonw/m=glifb,identifier,unknownerror:2822:207
Doa@/accounts/static/_/js/k=gaia.gaiafe_glif.en_GB.Tmb4CdJkMug.O/am=CPEDBnMCAAACgSLAAwAAAAAAAAAAYCBQMEPG___myoqX3QY/d=1/ct=zgms/rs=ABkqax1Wk6uacyyPTbSXlSmPxcZNWQyonw/m=glifb,identifier,unknownerror:742:246
_.ou@/accounts/static/_/js/k=gaia.gaiafe_glif.en_GB.Tmb4CdJkMug.O/am=CPEDBnMCAAACgSLAAwAAAAAAAAAAYCBQMEPG___myoqX3QY/d=1/ct=zgms/rs=ABkqax1Wk6uacyyPTbSXlSmPxcZNWQyonw/m=glifb,identifier,unknownerror:740:49
_.pu@/accounts/static/_/js/k=gaia.gaiafe_glif.en_GB.Tmb4CdJkMug.O/am=CPEDBnMCAAACgSLAAwAAAAAAAAAAYCBQMEPG___myoqX3QY/d=1/ct=zgms/rs=ABkqax1Wk6uacyyPTbSXlSmPxcZNWQyonw/m=glifb,identifier,unknownerror:739:260
DQa@/accounts/static/_/js/k=gaia.gaiafe_glif.en_GB.Tmb4CdJkMug.O/am=CPEDBnMCAAACgSLAAwAAAAAAAAAAYCBQMEPG___myoqX3QY/d=1/ct=zgms/rs=ABkqax1Wk6uacyyPTbSXlSmPxcZNWQyonw/m=glifb,identifier,unknownerror:2822:183
zQa/<@/accounts/static/_/js/k=gaia.gaiafe_glif.en_GB.Tmb4CdJkMug.O/am=CPEDBnMCAAACgSLAAwAAAAAAAAAAYCBQMEPG___myoqX3QY/d=1/ct=zgms/rs=ABkqax1Wk6uacyyPTbSXlSmPxcZNWQyonw/m=glifb,identifier,unknownerror:2820:445
Doa@/accounts/static/_/js/k=gaia.gaiafe_glif.en_GB.Tmb4CdJkMug.O/am=CPEDBnMCAAACgSLAAwAAAAAAAAAAYCBQMEPG___myoqX3QY/d=1/ct=zgms/rs=ABkqax1Wk6uacyyPTbSXlSmPxcZNWQyonw/m=glifb,identifier,unknownerror:742:246
_.ou@/accounts/static/_/js/k=gaia.gaiafe_glif.en_GB.Tmb4CdJkMug.O/am=CPEDBnMCAAACgSLAAwAAAAAAAAAAYCBQMEPG___myoqX3QY/d=1/ct=zgms/rs=ABkqax1Wk6uacyyPTbSXlSmPxcZNWQyonw/m=glifb,identifier,unknownerror:740:49
_.pu@/accounts/static/_/js/k=gaia.gaiafe_glif.en_GB.Tmb4CdJkMug.O/am=CPEDBnMCAAACgSLAAwAAAAAAAAAAYCBQMEPG___myoqX3QY/d=1/ct=zgms/rs=ABkqax1Wk6uacyyPTbSXlSmPxcZNWQyonw/m=glifb,identifier,unknownerror:739:260
zQa@/accounts/static/_/js/k=gaia.gaiafe_glif.en_GB.Tmb4CdJkMug.O/am=CPEDBnMCAAACgSLAAwAAAAAAAAAAYCBQMEPG___myoqX3QY/d=1/ct=zgms/rs=ABkqax1Wk6uacyyPTbSXlSmPxcZNWQyonw/m=glifb,identifier,unknownerror:2820:422
xL.prototype.Ra@/accounts/static/_/js/k=gaia.gaiafe_glif.en_GB.Tmb4CdJkMug.O/am=CPEDBnMCAAACgSLAAwAAAAAAAAAAYCBQMEPG___myoqX3QY/d=1/ct=zgms/rs=ABkqax1Wk6uacyyPTbSXlSmPxcZNWQyonw/m=glifb,identifier,unknownerror:2819:375
c@/accounts/static/_/js/k=gaia.gaiafe_glif.en_GB.Tmb4CdJkMug.O/am=CPEDBnMCAAACgSLAAwAAAAAAAAAAYCBQMEPG___myoqX3QY/d=1/ct=zgms/rs=ABkqax1Wk6uacyyPTbSXlSmPxcZNWQyonw/m=glifb,identifier,unknownerror:960:253
sQa.prototype.ha@/accounts/static/_/js/k=gaia.gaiafe_glif.en_GB.Tmb4CdJkMug.O/am=CPEDBnMCAAACgSLAAwAAAAAAAAAAYCBQMEPG___myoqX3QY/d=1/ct=zgms/rs=ABkqax1Wk6uacyyPTbSXlSmPxcZNWQyonw/m=glifb,identifier,unknownerror:2812:347
f@/accounts/static/_/js/k=gaia.gaiafe_glif.en_GB.Tmb4CdJkMug.O/am=CPEDBnMCAAACgSLAAwAAAAAAAAAAYCBQMEPG___myoqX3QY/d=1/ct=zgms/rs=ABkqax1Wk6uacyyPTbSXlSmPxcZNWQyonw/m=glifb,identifier,unknownerror:2786:161

console.warn: LoginRecipes: "getRecipes: falling back to a synchronous message for:" "https://accounts.google.com"
JavaScript error: , line 0: uncaught exception: [object Object]
JavaScript warning: https://qsbr.fs.quoracdn.net/-3-chunk.web.main.js.out-34-d7663c45648fee00.webpack, line 40: Error: Script terminated by timeout at:
which@https://qsbr.fs.quoracdn.net/-3-chunk.web.main.js.out-34-d7663c45648fee00.webpack:40:37582
addProp/<.get<@https://qsbr.fs.quoracdn.net/-3-chunk.web.main.js.out-34-d7663c45648fee00.webpack:40:35206
./third_party/jquery3.js/</he.fn.extend@https://qsbr.fs.quoracdn.net/-3-chunk.web.main.js.out-34-d7663c45648fee00.webpack:30:13642
simulate@https://qsbr.fs.quoracdn.net/-3-chunk.web.main.js.out-34-d7663c45648fee00.webpack:40:56207
i@https://qsbr.fs.quoracdn.net/-3-chunk.web.main.js.out-34-d7663c45648fee00.webpack:40:56970

1584992534850	Marionette	INFO	Stopped listening on port 49546
1584992604710	mozrunner::runner	INFO	Running command: "/Applications/Firefox.app/Contents/MacOS/firefox-bin" "-marionette" "-foreground" "-no-remote" "-profile" "/var/folders/ls/ntz_z13x3_v2gz4nv0vs67nh0000gn/T/rust_mozprofileKf4zX0"
1584992605517	addons.webextension.doh-rollout@mozilla.org	WARN	Loading extension 'doh-rollout@mozilla.org': Reading manifest: Invalid extension permission: networkStatus
1584992605967	addons.webextension.screenshots@mozilla.org	WARN	Loading extension 'screenshots@mozilla.org': Reading manifest: Invalid extension permission: mozillaAddons
1584992605967	addons.webextension.screenshots@mozilla.org	WARN	Loading extension 'screenshots@mozilla.org': Reading manifest: Invalid extension permission: telemetry
1584992605967	addons.webextension.screenshots@mozilla.org	WARN	Loading extension 'screenshots@mozilla.org': Reading manifest: Invalid extension permission: resource://pdf.js/
1584992605967	addons.webextension.screenshots@mozilla.org	WARN	Loading extension 'screenshots@mozilla.org': Reading manifest: Invalid extension permission: about:reader*
1584992608509	Marionette	INFO	Listening on port 49935
1584992608594	Marionette	WARN	TLS certificate errors will be ignored for this session
console.warn: LoginRecipes: "getRecipes: falling back to a synchronous message for:" "https://accounts.google.com"
console.warn: LoginRecipes: "getRecipes: falling back to a synchronous message for:" "https://accounts.google.com"
console.warn: LoginRecipes: "getRecipes: falling back to a synchronous message for:" "https://accounts.google.com"
console.warn: LoginRecipes: "getRecipes: falling back to a synchronous message for:" "https://accounts.google.com"
console.error: (new TypeError("parent is null", "resource://devtools/client/inspector/shared/style-change-tracker.js", 67))
TypeError: parent is null: canMutationImpactCurrentStyles@resource://devtools/client/inspector/shared/style-change-tracker.js:67:24
onMutations@resource://devtools/client/inspector/shared/style-change-tracker.js:84:41
_emit@resource://devtools/shared/event-emitter.js:226:34
emit@resource://devtools/shared/event-emitter.js:172:18
emit@resource://devtools/shared/event-emitter.js:324:18
getMutations@resource://devtools/shared/fronts/walker.js:411:10

console.error: "Error while calling actor 'pagestyle's method 'getLayout'" "node is null"
console.error: "getLayout@resource://devtools/server/actors/styles.js:944:5\nhandler@resource://devtools/shared/protocol/Actor.js:154:37\nonPacket@resource://devtools/server/debugger-server-connection.js:380:58\nreceiveMessage@resource://devtools/shared/transport/child-transport.js:66:16\n"
console.error: (new TypeError("parent is null", "resource://devtools/client/inspector/shared/style-change-tracker.js", 67))
TypeError: parent is null: canMutationImpactCurrentStyles@resource://devtools/client/inspector/shared/style-change-tracker.js:67:24
onMutations@resource://devtools/client/inspector/shared/style-change-tracker.js:84:41
_emit@resource://devtools/shared/event-emitter.js:226:34
emit@resource://devtools/shared/event-emitter.js:172:18
emit@resource://devtools/shared/event-emitter.js:324:18
getMutations@resource://devtools/shared/fronts/walker.js:411:10

console.error: (new Error("Protocol error (unknownError): node is null", "resource://devtools/shared/protocol/Front.js", 276))
console.error: (new TypeError("container.node.targetFront is null", "resource://devtools/client/inspector/markup/markup.js", 2243))
console.error: (new TypeError("container.node.targetFront is null", "resource://devtools/client/inspector/markup/markup.js", 2243))
console.error: (new TypeError("container.node.targetFront is null", "resource://devtools/client/inspector/markup/markup.js", 2243))
console.error: (new TypeError("container.node.targetFront is null", "resource://devtools/client/inspector/markup/markup.js", 2243))
console.error: "Error while calling actor 'pagestyle's method 'getLayout'" "node is null"
console.error: "getLayout@resource://devtools/server/actors/styles.js:944:5\nhandler@resource://devtools/shared/protocol/Actor.js:154:37\nonPacket@resource://devtools/server/debugger-server-connection.js:380:58\nreceiveMessage@resource://devtools/shared/transport/child-transport.js:66:16\n"
console.error: "Error while calling actor 'pagestyle's method 'getLayout'" "node is null"
console.error: "getLayout@resource://devtools/server/actors/styles.js:944:5\nhandler@resource://devtools/shared/protocol/Actor.js:154:37\nonPacket@resource://devtools/server/debugger-server-connection.js:380:58\nreceiveMessage@resource://devtools/shared/transport/child-transport.js:66:16\n"
console.error: "Error while calling actor 'pagestyle's method 'getApplied'" "node is null"
console.error: "getApplied@resource://devtools/server/actors/styles.js:587:5\nhandler@resource://devtools/shared/protocol/Actor.js:154:37\nonPacket@resource://devtools/server/debugger-server-connection.js:380:58\nreceiveMessage@resource://devtools/shared/transport/child-transport.js:66:16\n"
console.error: (new Error("Protocol error (unknownError): node is null", "resource://devtools/shared/protocol/Front.js", 276))
console.error: (new Error("Protocol error (unknownError): node is null", "resource://devtools/shared/protocol/Front.js", 276))
console.error: (new Error("Protocol error (noSuchActor): No such actor for ID: server0.conn0.child1/domnode26", "resource://devtools/shared/protocol/Front.js", 276))
JavaScript error: https://secure.quantserve.com/quant.js, line 19: NS_ERROR_UNEXPECTED: 
1584994118342	Marionette	INFO	Stopped listening on port 49935
